<?xml version="1.0" encoding="UTF-8"?>
<!-- Generated by org.testng.reporters.JUnitReportReporter -->
<testsuite hostname="DESKTOP-UKULEOI" failures="0" tests="1" name="TestCase.testcase1" time="351.757" errors="0" timestamp="2024-03-05T15:14:02 IST" skipped="0">
  <testcase classname="TestCase.testcase1" name="login" time="351.757"/>
  <system-out/>
</testsuite> <!-- TestCase.testcase1 -->
